00:00.0 Host bridge: Intel Corporation Xeon E3-1200 v6/7th Gen Core Processor Host Bridge/DRAM Registers (rev 02)
	Subsystem: QUANTA Computer Inc Xeon E3-1200 v6/7th Gen Core Processor Host Bridge/DRAM Registers
	Flags: bus master, fast devsel, latency 0
	Capabilities: [e0] Vendor Specific Information: Len=10 <?>
	Kernel driver in use: skl_uncore

00:02.0 VGA compatible controller: Intel Corporation HD Graphics 615 (rev 02) (prog-if 00 [VGA controller])
	Subsystem: QUANTA Computer Inc HD Graphics 615
	Flags: bus master, fast devsel, latency 0, IRQ 135
	Memory at b0000000 (64-bit, non-prefetchable) [size=16M]
	Memory at a0000000 (64-bit, prefetchable) [size=256M]
	I/O ports at 3000 [size=64]
	[virtual] Expansion ROM at 000c0000 [disabled] [size=128K]
	Capabilities: [40] Vendor Specific Information: Len=0c <?>
	Capabilities: [70] Express Root Complex Integrated Endpoint, MSI 00
	Capabilities: [ac] MSI: Enable+ Count=1/1 Maskable- 64bit-
	Capabilities: [d0] Power Management version 2
	Capabilities: [100] Process Address Space ID (PASID)
	Capabilities: [200] Address Translation Service (ATS)
	Capabilities: [300] Page Request Interface (PRI)
	Kernel driver in use: i915
	Kernel modules: i915

00:04.0 Signal processing controller: Intel Corporation Xeon E3-1200 v5/E3-1500 v5/6th Gen Core Processor Thermal Subsystem (rev 02)
	Subsystem: QUANTA Computer Inc Xeon E3-1200 v5/E3-1500 v5/6th Gen Core Processor Thermal Subsystem
	Flags: bus master, fast devsel, latency 0, IRQ 16
	Memory at b1830000 (64-bit, non-prefetchable) [size=32K]
	Capabilities: [90] MSI: Enable- Count=1/1 Maskable- 64bit-
	Capabilities: [d0] Power Management version 3
	Capabilities: [e0] Vendor Specific Information: Len=0c <?>
	Kernel driver in use: proc_thermal
	Kernel modules: processor_thermal_device

00:05.0 Multimedia controller: Intel Corporation Xeon E3-1200 v5/E3-1500 v5/6th Gen Core Processor Imaging Unit (rev 01)
	Subsystem: QUANTA Computer Inc Xeon E3-1200 v5/E3-1500 v5/6th Gen Core Processor Imaging Unit
	Flags: fast devsel, IRQ 133
	[virtual] Memory at b1000000 (64-bit, non-prefetchable) [size=4M]
	Capabilities: [90] MSI: Enable- Count=1/1 Maskable- 64bit+
	Capabilities: [a0] PCI Advanced Features
	Capabilities: [d0] Power Management version 3
	Kernel driver in use: ipu3-imgu
	Kernel modules: ipu3_imgu

00:13.0 Non-VGA unclassified device: Intel Corporation Sunrise Point-LP Integrated Sensor Hub (rev 21)
	Subsystem: QUANTA Computer Inc Sunrise Point-LP Integrated Sensor Hub
	Flags: bus master, fast devsel, latency 0, IRQ 20
	Memory at b1840000 (64-bit, non-prefetchable) [size=4K]
	Capabilities: [80] Power Management version 3
	Kernel driver in use: intel_ish_ipc
	Kernel modules: intel_ish_ipc

00:14.0 USB controller: Intel Corporation Sunrise Point-LP USB 3.0 xHCI Controller (rev 21) (prog-if 30 [XHCI])
	Subsystem: QUANTA Computer Inc Sunrise Point-LP USB 3.0 xHCI Controller
	Flags: bus master, medium devsel, latency 0, IRQ 131
	Memory at b1820000 (64-bit, non-prefetchable) [size=64K]
	Capabilities: [70] Power Management version 2
	Capabilities: [80] MSI: Enable+ Count=1/8 Maskable- 64bit+
	Kernel driver in use: xhci_hcd
	Kernel modules: xhci_pci

00:14.2 Signal processing controller: Intel Corporation Sunrise Point-LP Thermal subsystem (rev 21)
	Subsystem: QUANTA Computer Inc Sunrise Point-LP Thermal subsystem
	Flags: bus master, fast devsel, latency 0, IRQ 18
	Memory at b1841000 (64-bit, non-prefetchable) [size=4K]
	Capabilities: [50] Power Management version 3
	Capabilities: [80] MSI: Enable- Count=1/1 Maskable- 64bit-
	Kernel driver in use: intel_pch_thermal
	Kernel modules: intel_pch_thermal

00:14.3 Multimedia controller: Intel Corporation Device 9d32 (rev 01)
	Flags: bus master, fast devsel, latency 32, IRQ 134
	Memory at b1800000 (64-bit, non-prefetchable) [size=64K]
	Capabilities: [90] MSI: Enable+ Count=1/1 Maskable- 64bit+
	Capabilities: [d0] Power Management version 3
	Kernel driver in use: ipu3-cio2
	Kernel modules: ipu3_cio2

00:15.0 Signal processing controller: Intel Corporation Sunrise Point-LP Serial IO I2C Controller #0 (rev 21)
	Subsystem: QUANTA Computer Inc Sunrise Point-LP Serial IO I2C Controller
	Flags: bus master, fast devsel, latency 0, IRQ 16
	Memory at b1842000 (64-bit, non-prefetchable) [size=4K]
	Capabilities: [80] Power Management version 3
	Capabilities: [90] Vendor Specific Information: Len=14 <?>
	Kernel driver in use: intel-lpss
	Kernel modules: intel_lpss_pci

00:15.1 Signal processing controller: Intel Corporation Sunrise Point-LP Serial IO I2C Controller #1 (rev 21)
	Subsystem: QUANTA Computer Inc Sunrise Point-LP Serial IO I2C Controller
	Flags: bus master, fast devsel, latency 0, IRQ 17
	Memory at b1843000 (64-bit, non-prefetchable) [size=4K]
	Capabilities: [80] Power Management version 3
	Capabilities: [90] Vendor Specific Information: Len=14 <?>
	Kernel driver in use: intel-lpss
	Kernel modules: intel_lpss_pci

00:15.2 Signal processing controller: Intel Corporation Sunrise Point-LP Serial IO I2C Controller #2 (rev 21)
	Subsystem: QUANTA Computer Inc Sunrise Point-LP Serial IO I2C Controller
	Flags: bus master, fast devsel, latency 0, IRQ 18
	Memory at b1844000 (64-bit, non-prefetchable) [size=4K]
	Capabilities: [80] Power Management version 3
	Capabilities: [90] Vendor Specific Information: Len=14 <?>
	Kernel driver in use: intel-lpss
	Kernel modules: intel_lpss_pci

00:15.3 Signal processing controller: Intel Corporation Sunrise Point-LP Serial IO I2C Controller #3 (rev 21)
	Subsystem: QUANTA Computer Inc Sunrise Point-LP Serial IO I2C Controller
	Flags: bus master, fast devsel, latency 0, IRQ 19
	Memory at b1845000 (64-bit, non-prefetchable) [size=4K]
	Capabilities: [80] Power Management version 3
	Capabilities: [90] Vendor Specific Information: Len=14 <?>
	Kernel driver in use: intel-lpss
	Kernel modules: intel_lpss_pci

00:16.0 Communication controller: Intel Corporation Sunrise Point-LP CSME HECI #1 (rev 21)
	Subsystem: QUANTA Computer Inc Sunrise Point-LP CSME HECI
	Flags: bus master, fast devsel, latency 0, IRQ 132
	Memory at b1846000 (64-bit, non-prefetchable) [size=4K]
	Capabilities: [50] Power Management version 3
	Capabilities: [8c] MSI: Enable+ Count=1/1 Maskable- 64bit+
	Kernel driver in use: mei_me
	Kernel modules: mei_me

00:19.0 Signal processing controller: Intel Corporation Sunrise Point-LP Serial IO UART Controller #2 (rev 21)
	Subsystem: QUANTA Computer Inc Sunrise Point-LP Serial IO UART Controller
	Flags: bus master, fast devsel, latency 0, IRQ 32
	Memory at b1847000 (64-bit, non-prefetchable) [size=4K]
	Capabilities: [80] Power Management version 3
	Capabilities: [90] Vendor Specific Information: Len=14 <?>
	Kernel driver in use: intel-lpss
	Kernel modules: intel_lpss_pci

00:19.2 Signal processing controller: Intel Corporation Sunrise Point-LP Serial IO I2C Controller #4 (rev 21)
	Subsystem: QUANTA Computer Inc Sunrise Point-LP Serial IO I2C Controller
	Flags: fast devsel, IRQ 34
	Memory at b1848000 (64-bit, non-prefetchable) [size=4K]
	Capabilities: [80] Power Management version 3
	Capabilities: [90] Vendor Specific Information: Len=14 <?>
	Kernel modules: intel_lpss_pci

00:1c.0 PCI bridge: Intel Corporation Sunrise Point-LP PCI Express Root Port #3 (rev f1) (prog-if 00 [Normal decode])
	Flags: bus master, fast devsel, latency 0, IRQ 122
	Bus: primary=00, secondary=01, subordinate=01, sec-latency=0
	I/O behind bridge: None
	Memory behind bridge: b1400000-b15fffff [size=2M]
	Prefetchable memory behind bridge: None
	Capabilities: [40] Express Root Port (Slot+), MSI 00
	Capabilities: [80] MSI: Enable+ Count=1/1 Maskable- 64bit-
	Capabilities: [90] Subsystem: QUANTA Computer Inc Sunrise Point-LP PCI Express Root Port
	Capabilities: [a0] Power Management version 3
	Capabilities: [100] Advanced Error Reporting
	Capabilities: [140] Access Control Services
	Capabilities: [200] L1 PM Substates
	Capabilities: [220] Secondary PCI Express <?>
	Kernel driver in use: pcieport

00:1c.3 PCI bridge: Intel Corporation Sunrise Point-LP PCI Express Root Port #4 (rev f1) (prog-if 00 [Normal decode])
	Flags: bus master, fast devsel, latency 0, IRQ 123
	Bus: primary=00, secondary=02, subordinate=02, sec-latency=0
	I/O behind bridge: None
	Memory behind bridge: b1700000-b17fffff [size=1M]
	Prefetchable memory behind bridge: None
	Capabilities: [40] Express Root Port (Slot+), MSI 00
	Capabilities: [80] MSI: Enable+ Count=1/1 Maskable- 64bit-
	Capabilities: [90] Subsystem: QUANTA Computer Inc Sunrise Point-LP PCI Express Root Port
	Capabilities: [a0] Power Management version 3
	Capabilities: [100] Advanced Error Reporting
	Capabilities: [140] Access Control Services
	Capabilities: [200] L1 PM Substates
	Capabilities: [220] Secondary PCI Express <?>
	Kernel driver in use: pcieport

00:1c.6 PCI bridge: Intel Corporation Sunrise Point-LP PCI Express Root Port #7 (rev f1) (prog-if 00 [Normal decode])
	Flags: bus master, fast devsel, latency 0, IRQ 124
	Bus: primary=00, secondary=03, subordinate=03, sec-latency=0
	I/O behind bridge: None
	Memory behind bridge: b1600000-b16fffff [size=1M]
	Prefetchable memory behind bridge: None
	Capabilities: [40] Express Root Port (Slot+), MSI 00
	Capabilities: [80] MSI: Enable+ Count=1/1 Maskable- 64bit-
	Capabilities: [90] Subsystem: QUANTA Computer Inc Sunrise Point-LP PCI Express Root Port
	Capabilities: [a0] Power Management version 3
	Capabilities: [100] Advanced Error Reporting
	Capabilities: [140] Access Control Services
	Capabilities: [200] L1 PM Substates
	Capabilities: [220] Secondary PCI Express <?>
	Kernel driver in use: pcieport

00:1e.0 Signal processing controller: Intel Corporation Sunrise Point-LP Serial IO UART Controller #0 (rev 21)
	Subsystem: QUANTA Computer Inc Sunrise Point-LP Serial IO UART Controller
	Flags: bus master, fast devsel, latency 0, IRQ 20
	Memory at b1849000 (64-bit, non-prefetchable) [size=4K]
	Capabilities: [80] Power Management version 3
	Capabilities: [90] Vendor Specific Information: Len=14 <?>
	Kernel driver in use: intel-lpss
	Kernel modules: intel_lpss_pci

00:1f.0 ISA bridge: Intel Corporation Device 9d4b (rev 21)
	Subsystem: QUANTA Computer Inc Device 1182
	Flags: bus master, medium devsel, latency 0

00:1f.2 Memory controller: Intel Corporation Sunrise Point-LP PMC (rev 21)
	Subsystem: QUANTA Computer Inc Sunrise Point-LP PMC
	Flags: bus master, fast devsel, latency 0
	Memory at b183c000 (32-bit, non-prefetchable) [size=16K]

00:1f.3 Audio device: Intel Corporation Sunrise Point-LP HD Audio (rev 21) (prog-if 80)
	Subsystem: QUANTA Computer Inc Sunrise Point-LP HD Audio
	Flags: bus master, fast devsel, latency 32, IRQ 136
	Memory at b1838000 (64-bit, non-prefetchable) [size=16K]
	Memory at b1810000 (64-bit, non-prefetchable) [size=64K]
	Capabilities: [50] Power Management version 3
	Capabilities: [60] MSI: Enable+ Count=1/1 Maskable- 64bit+
	Kernel driver in use: snd_hda_intel
	Kernel modules: snd_hda_intel

01:00.0 Network controller: Qualcomm Atheros QCA6174 802.11ac Wireless Network Adapter (rev 32)
	Subsystem: Qualcomm Atheros QCA6174 802.11ac Wireless Network Adapter
	Flags: bus master, fast devsel, latency 0, IRQ 137
	Memory at b1400000 (64-bit, non-prefetchable) [size=2M]
	Capabilities: [40] Power Management version 3
	Capabilities: [50] MSI: Enable+ Count=1/8 Maskable+ 64bit-
	Capabilities: [70] Express Endpoint, MSI 00
	Capabilities: [100] Advanced Error Reporting
	Capabilities: [148] Virtual Channel
	Capabilities: [168] Device Serial Number 00-00-00-00-00-00-00-00
	Capabilities: [178] Latency Tolerance Reporting
	Capabilities: [180] L1 PM Substates
	Kernel driver in use: ath10k_pci
	Kernel modules: ath10k_pci

02:00.0 Unassigned class [ff00]: Realtek Semiconductor Co., Ltd. RTS522A PCI Express Card Reader (rev 01)
	Subsystem: QUANTA Computer Inc RTS522A PCI Express Card Reader
	Flags: bus master, fast devsel, latency 0, IRQ 130
	Memory at b1700000 (32-bit, non-prefetchable) [size=4K]
	Capabilities: [40] Power Management version 3
	Capabilities: [50] MSI: Enable+ Count=1/1 Maskable- 64bit+
	Capabilities: [70] Express Endpoint, MSI 00
	Capabilities: [100] Advanced Error Reporting
	Capabilities: [140] Device Serial Number 00-00-00-01-00-4c-e0-00
	Capabilities: [150] Latency Tolerance Reporting
	Capabilities: [158] L1 PM Substates
	Kernel driver in use: rtsx_pci
	Kernel modules: rtsx_pci

03:00.0 Non-Volatile memory controller: Toshiba Corporation BG3 NVMe SSD Controller (rev 01) (prog-if 02 [NVM Express])
	Subsystem: Toshiba Corporation BG3 NVMe SSD Controller
	Flags: bus master, fast devsel, latency 0, IRQ 18, NUMA node 0
	Memory at b1600000 (64-bit, non-prefetchable) [size=16K]
	Capabilities: [40] Express Endpoint, MSI 00
	Capabilities: [80] Power Management version 3
	Capabilities: [90] MSI: Enable- Count=1/32 Maskable+ 64bit+
	Capabilities: [b0] MSI-X: Enable+ Count=32 Masked-
	Capabilities: [100] Advanced Error Reporting
	Capabilities: [150] Virtual Channel
	Capabilities: [260] Latency Tolerance Reporting
	Capabilities: [300] Secondary PCI Express <?>
	Capabilities: [400] L1 PM Substates
	Kernel driver in use: nvme

